<?xml version="1.0" encoding="UTF-8"?>
<testng-results skipped="0" failed="0" total="1" passed="1">
  <reporter-output>
  </reporter-output>
  <suite name="Surefire suite" duration-ms="14402" started-at="2019-03-18T04:43:23Z" finished-at="2019-03-18T04:43:37Z">
    <groups>
    </groups>
    <test name="Surefire test" duration-ms="14402" started-at="2019-03-18T04:43:23Z" finished-at="2019-03-18T04:43:37Z">
      <class name="EmailApp.TestCases.Taxi2Test">
        <test-method status="PASS" signature="Taxi2Airport()[pri:0, instance:EmailApp.TestCases.Taxi2Test@1d251891]" name="Taxi2Airport" duration-ms="14390" started-at="2019-03-18T10:13:23Z" finished-at="2019-03-18T10:13:37Z">
          <reporter-output>
          </reporter-output>
        </test-method> <!-- Taxi2Airport -->
      </class> <!-- EmailApp.TestCases.Taxi2Test -->
    </test> <!-- Surefire test -->
  </suite> <!-- Surefire suite -->
</testng-results>
