<?xml version="1.0" encoding="UTF-8"?>
<testng-results skipped="0" failed="0" total="1" passed="1">
  <reporter-output>
  </reporter-output>
  <suite name="Default suite" duration-ms="16560" started-at="2019-03-18T04:40:22Z" finished-at="2019-03-18T04:40:39Z">
    <groups>
    </groups>
    <test name="Default test" duration-ms="16560" started-at="2019-03-18T04:40:22Z" finished-at="2019-03-18T04:40:39Z">
      <class name="EmailApp.TestCases.Taxi2Test">
        <test-method status="PASS" signature="Taxi2Airport()[pri:0, instance:EmailApp.TestCases.Taxi2Test@14acaea5]" name="Taxi2Airport" duration-ms="16535" started-at="2019-03-18T10:10:22Z" finished-at="2019-03-18T10:10:39Z">
          <reporter-output>
          </reporter-output>
        </test-method> <!-- Taxi2Airport -->
      </class> <!-- EmailApp.TestCases.Taxi2Test -->
    </test> <!-- Default test -->
  </suite> <!-- Default suite -->
</testng-results>
